<dataset type="EDDTableFromMultidimNcFiles" datasetID="carolyn_0c5f_3e5e_7e47" active="true">
    <reloadEveryNMinutes>10080</reloadEveryNMinutes>
    <updateEveryNMillis>10000</updateEveryNMillis>
    <fileDir>/sand/usgs/users/rsignell/data/carolyn/</fileDir>
    <fileNameRegex>carolyn_trajectory.nc</fileNameRegex>
    <recursive>true</recursive>
    <pathRegex>.*</pathRegex>
    <metadataFrom>last</metadataFrom>
    <preExtractRegex></preExtractRegex>
    <postExtractRegex></postExtractRegex>
    <extractRegex></extractRegex>
    <columnNameForExtract></columnNameForExtract>
    <removeMVRows>true</removeMVRows>
    <sortFilesBySourceNames></sortFilesBySourceNames>
    <fileTableInMemory>false</fileTableInMemory>
    <accessibleViaFiles>false</accessibleViaFiles>
    <!-- sourceAttributes>
        <att name="_NCProperties">version=1|netcdflibversion=4.4.1.1|hdf5libversion=1.8.17</att>
        <att name="cdm_data_type">Trajectory</att>
        <att name="Conventions">CF-1.6</att>
        <att name="creator_email">cruppel@usgs.gov</att>
        <att name="creator_name">Carolyn Ruppel</att>
        <att name="creator_url">https://woodshole.er.usgs.gov/staffpages/cruppel/</att>
        <att name="date_created">2017-02-23T13:51:00Z</att>
        <att name="featureType">trajectory</att>
        <att name="institution">US Geological Survey</att>
        <att name="summary">More detailed summary of data collected by ship off Svalbard</att>
        <att name="title">Shipboard Data off Svalbard</att>
    </sourceAttributes -->
    <!-- Please specify the actual cdm_data_type (TimeSeries?) and related info below, for example...
        <att name="cdm_timeseries_variables">trajectory, longitude, latitude</att>
        <att name="subsetVariables">station, longitude, latitude, depth</att>
    -->
    <addAttributes>
        <att name="cdm_trajectory_variables">trajectory, longitude, latitude, depth</att>
        <att name="subsetVariables">trajectory, longitude, latitude, depth</att>
        <att name="Conventions">CF-1.6, COARDS, ACDD-1.3</att>
        <att name="infoUrl">https://woodshole.er.usgs.gov/staffpages/cruppel/</att>
        <att name="keywords">//www.opengis.net/def/crs/epsg/0/4326, _co2wat, air, airch4, airco2, airmarappdir, airmarappdir_1, airmarcog, airmarhead, airmarlat, airmarlong, airmarsog, airmartrdir, airmartrwin, airT, anomaly, atmosphere,
Atmosphere &gt; Atmospheric Winds &gt; Surface Winds,
atmospheric, baro, bathy, carbon, carbon dioxide, ch4, ch4air, CH4airEquilnM, ch4airmolovm3, CH4airmolovm3H2O, CH4H20EquilLCH4ovLH2O1, CH4H2Omolovm3H2O, ch4iso, co2, co2corr, CO2corr_1000000, co2fluxmmolovm2d1, co2fluxmmolovm2d1400, co2iso, co2wat, coeff, concn, corrch4air, corrch4iso, corrch4wat, corrco2air, corrco2iso, corrco2wat, crs, currents, data, depth, dioxide, direction, dom, dosat, eqch4atm, equil, equiln, fluxmgovm2day, fluxmolovkm2yr, fluxmolovm2day, fluxumolovm2day, gas, gastrans, gastransCO2, GasVelmovd, geological, h20, hich4wat, hullwat, hullwatT, identifier, kessch4lag, kesslagsmooth, latitude, lch4ov, lh2, lnKo, loch4wat, longitude, off, omolovm3, orp, ost, OstCoeff, quality, sat, SatAnom, schmidt, SchmidtNo, shcog, shipboard, shsog, shtruewin, shtrwindir, surface, survey, svalbard, temperature, tempK, time, trajectory, unnamed, Unnamed__68, Unnamed__69, US, velmovd, water, WaterConcnM, watvapair, watvapwat, wind, wind_from_direction, winds, ysi, ysiDO, ysiDOsat, ysif, ysifDOM, ysiORP, ysip, ysipH, ysisal, ysispcond, ysiwat, ysiwatT</att>
        <att name="keywords_vocabulary">GCMD Science Keywords</att>
        <att name="license">[standard]</att>
        <att name="sourceUrl">(local files)</att>
        <att name="standard_name_vocabulary">CF Standard Name Table v29</att>
    </addAttributes>
    <dataVariable>
        <sourceName>crs</sourceName>
        <destinationName>crs</destinationName>
        <dataType>int</dataType>
        <!-- sourceAttributes>
            <att name="epsg_code">EPSG:4326</att>
            <att name="grid_mapping_name">latitude_longitude</att>
            <att name="inverse_flattening" type="double">298.257223563</att>
            <att name="long_name">http://www.opengis.net/def/crs/EPSG/0/4326</att>
            <att name="semi_major_axis" type="double">6378137.0</att>
        </sourceAttributes -->
        <addAttributes>
            <att name="ioos_category">Unknown</att>
        </addAttributes>
    </dataVariable>
    <dataVariable>
        <sourceName>trajectory</sourceName>
        <destinationName>trajectory</destinationName>
        <dataType>int</dataType>
        <!-- sourceAttributes>
            <att name="cf_role">trajectory_id</att>
            <att name="long_name">trajectory identifier</att>
        </sourceAttributes -->
        <addAttributes>
            <att name="ioos_category">Identifier</att>
        </addAttributes>
    </dataVariable>
    <dataVariable>
        <sourceName>time</sourceName>
        <destinationName>time</destinationName>
        <dataType>int</dataType>
        <!-- sourceAttributes>
            <att name="_FillValue" type="int">-9999</att>
            <att name="long_name">time</att>
            <att name="standard_name">time</att>
            <att name="units">seconds since 1990-01-01 00:00:00</att>
        </sourceAttributes -->
        <addAttributes>
            <att name="ioos_category">Time</att>
        </addAttributes>
    </dataVariable>
    <dataVariable>
        <sourceName>z</sourceName>
        <destinationName>depth</destinationName>
        <dataType>int</dataType>
        <!-- sourceAttributes>
            <att name="_FillValue" type="int">-9999</att>
            <att name="axis">Z</att>
            <att name="long_name">depth</att>
            <att name="positive">down</att>
            <att name="standard_name">depth</att>
            <att name="units">m</att>
        </sourceAttributes -->
        <addAttributes>
            <att name="colorBarMaximum" type="double">8000.0</att>
            <att name="colorBarMinimum" type="double">-8000.0</att>
            <att name="colorBarPalette">TopographyDepth</att>
            <att name="ioos_category">Location</att>
        </addAttributes>
    </dataVariable>
    <dataVariable>
        <sourceName>latitude</sourceName>
        <destinationName>latitude</destinationName>
        <dataType>double</dataType>
        <!-- sourceAttributes>
            <att name="_FillValue" type="double">-9999.9</att>
            <att name="axis">Y</att>
            <att name="long_name">latitude</att>
            <att name="standard_name">latitude</att>
            <att name="units">degrees_north</att>
        </sourceAttributes -->
        <addAttributes>
            <att name="colorBarMaximum" type="double">90.0</att>
            <att name="colorBarMinimum" type="double">-90.0</att>
            <att name="ioos_category">Location</att>
            <att name="long_name">Latitude</att>
        </addAttributes>
    </dataVariable>
    <dataVariable>
        <sourceName>longitude</sourceName>
        <destinationName>longitude</destinationName>
        <dataType>double</dataType>
        <!-- sourceAttributes>
            <att name="_FillValue" type="double">-9999.9</att>
            <att name="axis">X</att>
            <att name="long_name">longitude</att>
            <att name="standard_name">longitude</att>
            <att name="units">degrees_east</att>
        </sourceAttributes -->
        <addAttributes>
            <att name="colorBarMaximum" type="double">180.0</att>
            <att name="colorBarMinimum" type="double">-180.0</att>
            <att name="ioos_category">Location</att>
            <att name="long_name">Longitude</att>
        </addAttributes>
    </dataVariable>
    <dataVariable>
        <sourceName>bathy</sourceName>
        <destinationName>bathy</destinationName>
        <dataType>double</dataType>
        <!-- sourceAttributes>
            <att name="_FillValue" type="double">-9999.9</att>
            <att name="coordinates">time latitude longitude z</att>
        </sourceAttributes -->
        <addAttributes>
            <att name="coordinates">null</att>
            <att name="ioos_category">Unknown</att>
            <att name="long_name">Bathy</att>
        </addAttributes>
    </dataVariable>
    <dataVariable>
        <sourceName>shcog</sourceName>
        <destinationName>shcog</destinationName>
        <dataType>double</dataType>
        <!-- sourceAttributes>
            <att name="_FillValue" type="double">-9999.9</att>
            <att name="coordinates">time latitude longitude z</att>
        </sourceAttributes -->
        <addAttributes>
            <att name="coordinates">null</att>
            <att name="ioos_category">Unknown</att>
            <att name="long_name">Shcog</att>
        </addAttributes>
    </dataVariable>
    <dataVariable>
        <sourceName>shsog</sourceName>
        <destinationName>shsog</destinationName>
        <dataType>double</dataType>
        <!-- sourceAttributes>
            <att name="_FillValue" type="double">-9999.9</att>
            <att name="coordinates">time latitude longitude z</att>
        </sourceAttributes -->
        <addAttributes>
            <att name="coordinates">null</att>
            <att name="ioos_category">Unknown</att>
            <att name="long_name">Shsog</att>
        </addAttributes>
    </dataVariable>
    <dataVariable>
        <sourceName>shtruewin</sourceName>
        <destinationName>shtruewin</destinationName>
        <dataType>double</dataType>
        <!-- sourceAttributes>
            <att name="_FillValue" type="double">-9999.9</att>
            <att name="coordinates">time latitude longitude z</att>
        </sourceAttributes -->
        <addAttributes>
            <att name="coordinates">null</att>
            <att name="ioos_category">Unknown</att>
            <att name="long_name">Shtruewin</att>
        </addAttributes>
    </dataVariable>
    <dataVariable>
        <sourceName>shtrwindir</sourceName>
        <destinationName>shtrwindir</destinationName>
        <dataType>double</dataType>
        <!-- sourceAttributes>
            <att name="_FillValue" type="double">-9999.9</att>
            <att name="coordinates">time latitude longitude z</att>
        </sourceAttributes -->
        <addAttributes>
            <att name="colorBarMaximum" type="double">360.0</att>
            <att name="colorBarMinimum" type="double">0.0</att>
            <att name="coordinates">null</att>
            <att name="ioos_category">Wind</att>
            <att name="long_name">Wind From Direction</att>
            <att name="standard_name">wind_from_direction</att>
        </addAttributes>
    </dataVariable>
    <dataVariable>
        <sourceName>airmarlat</sourceName>
        <destinationName>airmarlat</destinationName>
        <dataType>double</dataType>
        <!-- sourceAttributes>
            <att name="_FillValue" type="double">-9999.9</att>
            <att name="coordinates">time latitude longitude z</att>
        </sourceAttributes -->
        <addAttributes>
            <att name="coordinates">null</att>
            <att name="ioos_category">Unknown</att>
            <att name="long_name">Airmarlat</att>
        </addAttributes>
    </dataVariable>
    <dataVariable>
        <sourceName>airmarlong</sourceName>
        <destinationName>airmarlong</destinationName>
        <dataType>double</dataType>
        <!-- sourceAttributes>
            <att name="_FillValue" type="double">-9999.9</att>
            <att name="coordinates">time latitude longitude z</att>
        </sourceAttributes -->
        <addAttributes>
            <att name="coordinates">null</att>
            <att name="ioos_category">Unknown</att>
            <att name="long_name">Airmarlong</att>
        </addAttributes>
    </dataVariable>
    <dataVariable>
        <sourceName>airmartrwin</sourceName>
        <destinationName>airmartrwin</destinationName>
        <dataType>double</dataType>
        <!-- sourceAttributes>
            <att name="_FillValue" type="double">-9999.9</att>
            <att name="coordinates">time latitude longitude z</att>
        </sourceAttributes -->
        <addAttributes>
            <att name="coordinates">null</att>
            <att name="ioos_category">Unknown</att>
            <att name="long_name">Airmartrwin</att>
        </addAttributes>
    </dataVariable>
    <dataVariable>
        <sourceName>airmartrdir</sourceName>
        <destinationName>airmartrdir</destinationName>
        <dataType>double</dataType>
        <!-- sourceAttributes>
            <att name="_FillValue" type="double">-9999.9</att>
            <att name="coordinates">time latitude longitude z</att>
        </sourceAttributes -->
        <addAttributes>
            <att name="coordinates">null</att>
            <att name="ioos_category">Unknown</att>
            <att name="long_name">Airmartrdir</att>
        </addAttributes>
    </dataVariable>
    <dataVariable>
        <sourceName>airmarappdir</sourceName>
        <destinationName>airmarappdir</destinationName>
        <dataType>double</dataType>
        <!-- sourceAttributes>
            <att name="_FillValue" type="double">-9999.9</att>
            <att name="coordinates">time latitude longitude z</att>
        </sourceAttributes -->
        <addAttributes>
            <att name="coordinates">null</att>
            <att name="ioos_category">Unknown</att>
            <att name="long_name">Airmarappdir</att>
        </addAttributes>
    </dataVariable>
    <dataVariable>
        <sourceName>airmarappdir_1</sourceName>
        <destinationName>airmarappdir_1</destinationName>
        <dataType>double</dataType>
        <!-- sourceAttributes>
            <att name="_FillValue" type="double">-9999.9</att>
            <att name="coordinates">time latitude longitude z</att>
        </sourceAttributes -->
        <addAttributes>
            <att name="coordinates">null</att>
            <att name="ioos_category">Unknown</att>
            <att name="long_name">Airmarappdir 1</att>
        </addAttributes>
    </dataVariable>
    <dataVariable>
        <sourceName>airmarcog</sourceName>
        <destinationName>airmarcog</destinationName>
        <dataType>double</dataType>
        <!-- sourceAttributes>
            <att name="_FillValue" type="double">-9999.9</att>
            <att name="coordinates">time latitude longitude z</att>
        </sourceAttributes -->
        <addAttributes>
            <att name="coordinates">null</att>
            <att name="ioos_category">Unknown</att>
            <att name="long_name">Airmarcog</att>
        </addAttributes>
    </dataVariable>
    <dataVariable>
        <sourceName>airmarsog</sourceName>
        <destinationName>airmarsog</destinationName>
        <dataType>double</dataType>
        <!-- sourceAttributes>
            <att name="_FillValue" type="double">-9999.9</att>
            <att name="coordinates">time latitude longitude z</att>
        </sourceAttributes -->
        <addAttributes>
            <att name="coordinates">null</att>
            <att name="ioos_category">Unknown</att>
            <att name="long_name">Airmarsog</att>
        </addAttributes>
    </dataVariable>
    <dataVariable>
        <sourceName>airmarhead</sourceName>
        <destinationName>airmarhead</destinationName>
        <dataType>double</dataType>
        <!-- sourceAttributes>
            <att name="_FillValue" type="double">-9999.9</att>
            <att name="coordinates">time latitude longitude z</att>
        </sourceAttributes -->
        <addAttributes>
            <att name="coordinates">null</att>
            <att name="ioos_category">Unknown</att>
            <att name="long_name">Airmarhead</att>
        </addAttributes>
    </dataVariable>
    <dataVariable>
        <sourceName>baro</sourceName>
        <destinationName>baro</destinationName>
        <dataType>double</dataType>
        <!-- sourceAttributes>
            <att name="_FillValue" type="double">-9999.9</att>
            <att name="coordinates">time latitude longitude z</att>
        </sourceAttributes -->
        <addAttributes>
            <att name="coordinates">null</att>
            <att name="ioos_category">Unknown</att>
            <att name="long_name">Baro</att>
        </addAttributes>
    </dataVariable>
    <dataVariable>
        <sourceName>airT</sourceName>
        <destinationName>airT</destinationName>
        <dataType>double</dataType>
        <!-- sourceAttributes>
            <att name="_FillValue" type="double">-9999.9</att>
            <att name="coordinates">time latitude longitude z</att>
        </sourceAttributes -->
        <addAttributes>
            <att name="coordinates">null</att>
            <att name="ioos_category">Unknown</att>
            <att name="long_name">Air T</att>
        </addAttributes>
    </dataVariable>
    <dataVariable>
        <sourceName>loch4wat</sourceName>
        <destinationName>loch4wat</destinationName>
        <dataType>double</dataType>
        <!-- sourceAttributes>
            <att name="_FillValue" type="double">-9999.9</att>
            <att name="coordinates">time latitude longitude z</att>
        </sourceAttributes -->
        <addAttributes>
            <att name="coordinates">null</att>
            <att name="ioos_category">Unknown</att>
            <att name="long_name">Loch4wat</att>
        </addAttributes>
    </dataVariable>
    <dataVariable>
        <sourceName>hich4wat</sourceName>
        <destinationName>hich4wat</destinationName>
        <dataType>double</dataType>
        <!-- sourceAttributes>
            <att name="_FillValue" type="double">-9999.9</att>
            <att name="coordinates">time latitude longitude z</att>
        </sourceAttributes -->
        <addAttributes>
            <att name="coordinates">null</att>
            <att name="ioos_category">Unknown</att>
            <att name="long_name">Hich4wat</att>
        </addAttributes>
    </dataVariable>
    <dataVariable>
        <sourceName>co2wat</sourceName>
        <destinationName>co2wat</destinationName>
        <dataType>double</dataType>
        <!-- sourceAttributes>
            <att name="_FillValue" type="double">-9999.9</att>
            <att name="coordinates">time latitude longitude z</att>
        </sourceAttributes -->
        <addAttributes>
            <att name="coordinates">null</att>
            <att name="ioos_category">CO2</att>
            <att name="long_name">Co2wat</att>
        </addAttributes>
    </dataVariable>
    <dataVariable>
        <sourceName>co2iso</sourceName>
        <destinationName>co2iso</destinationName>
        <dataType>double</dataType>
        <!-- sourceAttributes>
            <att name="_FillValue" type="double">-9999.9</att>
            <att name="coordinates">time latitude longitude z</att>
        </sourceAttributes -->
        <addAttributes>
            <att name="coordinates">null</att>
            <att name="ioos_category">CO2</att>
            <att name="long_name">Co2iso</att>
        </addAttributes>
    </dataVariable>
    <dataVariable>
        <sourceName>ch4iso</sourceName>
        <destinationName>ch4iso</destinationName>
        <dataType>double</dataType>
        <!-- sourceAttributes>
            <att name="_FillValue" type="double">-9999.9</att>
            <att name="coordinates">time latitude longitude z</att>
        </sourceAttributes -->
        <addAttributes>
            <att name="coordinates">null</att>
            <att name="ioos_category">Unknown</att>
            <att name="long_name">Ch4iso</att>
        </addAttributes>
    </dataVariable>
    <dataVariable>
        <sourceName>watvapwat</sourceName>
        <destinationName>watvapwat</destinationName>
        <dataType>double</dataType>
        <!-- sourceAttributes>
            <att name="_FillValue" type="double">-9999.9</att>
            <att name="coordinates">time latitude longitude z</att>
        </sourceAttributes -->
        <addAttributes>
            <att name="coordinates">null</att>
            <att name="ioos_category">Unknown</att>
            <att name="long_name">Watvapwat</att>
        </addAttributes>
    </dataVariable>
    <dataVariable>
        <sourceName>corrch4wat</sourceName>
        <destinationName>corrch4wat</destinationName>
        <dataType>double</dataType>
        <!-- sourceAttributes>
            <att name="_FillValue" type="double">-9999.9</att>
            <att name="coordinates">time latitude longitude z</att>
        </sourceAttributes -->
        <addAttributes>
            <att name="coordinates">null</att>
            <att name="ioos_category">Unknown</att>
            <att name="long_name">Corrch4wat</att>
        </addAttributes>
    </dataVariable>
    <dataVariable>
        <sourceName>Kessch4lag</sourceName>
        <destinationName>Kessch4lag</destinationName>
        <dataType>double</dataType>
        <!-- sourceAttributes>
            <att name="_FillValue" type="double">-9999.9</att>
            <att name="coordinates">time latitude longitude z</att>
        </sourceAttributes -->
        <addAttributes>
            <att name="coordinates">null</att>
            <att name="ioos_category">Unknown</att>
            <att name="long_name">Kessch4lag</att>
        </addAttributes>
    </dataVariable>
    <dataVariable>
        <sourceName>Kesslagsmooth</sourceName>
        <destinationName>Kesslagsmooth</destinationName>
        <dataType>double</dataType>
        <!-- sourceAttributes>
            <att name="_FillValue" type="double">-9999.9</att>
            <att name="coordinates">time latitude longitude z</att>
        </sourceAttributes -->
        <addAttributes>
            <att name="coordinates">null</att>
            <att name="ioos_category">Unknown</att>
            <att name="long_name">Kesslagsmooth</att>
        </addAttributes>
    </dataVariable>
    <dataVariable>
        <sourceName>corrco2wat</sourceName>
        <destinationName>corrco2wat</destinationName>
        <dataType>double</dataType>
        <!-- sourceAttributes>
            <att name="_FillValue" type="double">-9999.9</att>
            <att name="coordinates">time latitude longitude z</att>
        </sourceAttributes -->
        <addAttributes>
            <att name="coordinates">null</att>
            <att name="ioos_category">CO2</att>
            <att name="long_name">Corrco2wat</att>
        </addAttributes>
    </dataVariable>
    <dataVariable>
        <sourceName>corrch4iso</sourceName>
        <destinationName>corrch4iso</destinationName>
        <dataType>double</dataType>
        <!-- sourceAttributes>
            <att name="_FillValue" type="double">-9999.9</att>
            <att name="coordinates">time latitude longitude z</att>
        </sourceAttributes -->
        <addAttributes>
            <att name="coordinates">null</att>
            <att name="ioos_category">Unknown</att>
            <att name="long_name">Corrch4iso</att>
        </addAttributes>
    </dataVariable>
    <dataVariable>
        <sourceName>corrco2iso</sourceName>
        <destinationName>corrco2iso</destinationName>
        <dataType>double</dataType>
        <!-- sourceAttributes>
            <att name="_FillValue" type="double">-9999.9</att>
            <att name="coordinates">time latitude longitude z</att>
        </sourceAttributes -->
        <addAttributes>
            <att name="coordinates">null</att>
            <att name="ioos_category">CO2</att>
            <att name="long_name">Corrco2iso</att>
        </addAttributes>
    </dataVariable>
    <dataVariable>
        <sourceName>airch4</sourceName>
        <destinationName>airch4</destinationName>
        <dataType>double</dataType>
        <!-- sourceAttributes>
            <att name="_FillValue" type="double">-9999.9</att>
            <att name="coordinates">time latitude longitude z</att>
        </sourceAttributes -->
        <addAttributes>
            <att name="coordinates">null</att>
            <att name="ioos_category">Unknown</att>
            <att name="long_name">Airch4</att>
        </addAttributes>
    </dataVariable>
    <dataVariable>
        <sourceName>airco2</sourceName>
        <destinationName>airco2</destinationName>
        <dataType>double</dataType>
        <!-- sourceAttributes>
            <att name="_FillValue" type="double">-9999.9</att>
            <att name="coordinates">time latitude longitude z</att>
        </sourceAttributes -->
        <addAttributes>
            <att name="coordinates">null</att>
            <att name="ioos_category">CO2</att>
            <att name="long_name">Airco2</att>
        </addAttributes>
    </dataVariable>
    <dataVariable>
        <sourceName>corrch4air</sourceName>
        <destinationName>corrch4air</destinationName>
        <dataType>double</dataType>
        <!-- sourceAttributes>
            <att name="_FillValue" type="double">-9999.9</att>
            <att name="coordinates">time latitude longitude z</att>
        </sourceAttributes -->
        <addAttributes>
            <att name="coordinates">null</att>
            <att name="ioos_category">Unknown</att>
            <att name="long_name">Corrch4air</att>
        </addAttributes>
    </dataVariable>
    <dataVariable>
        <sourceName>corrco2air</sourceName>
        <destinationName>corrco2air</destinationName>
        <dataType>double</dataType>
        <!-- sourceAttributes>
            <att name="_FillValue" type="double">-9999.9</att>
            <att name="coordinates">time latitude longitude z</att>
        </sourceAttributes -->
        <addAttributes>
            <att name="coordinates">null</att>
            <att name="ioos_category">CO2</att>
            <att name="long_name">Corrco2air</att>
        </addAttributes>
    </dataVariable>
    <dataVariable>
        <sourceName>watvapair</sourceName>
        <destinationName>watvapair</destinationName>
        <dataType>double</dataType>
        <!-- sourceAttributes>
            <att name="_FillValue" type="double">-9999.9</att>
            <att name="coordinates">time latitude longitude z</att>
        </sourceAttributes -->
        <addAttributes>
            <att name="coordinates">null</att>
            <att name="ioos_category">Unknown</att>
            <att name="long_name">Watvapair</att>
        </addAttributes>
    </dataVariable>
    <dataVariable>
        <sourceName>ysiwatT</sourceName>
        <destinationName>ysiwatT</destinationName>
        <dataType>double</dataType>
        <!-- sourceAttributes>
            <att name="_FillValue" type="double">-9999.9</att>
            <att name="coordinates">time latitude longitude z</att>
        </sourceAttributes -->
        <addAttributes>
            <att name="coordinates">null</att>
            <att name="ioos_category">Unknown</att>
            <att name="long_name">Ysiwat T</att>
        </addAttributes>
    </dataVariable>
    <dataVariable>
        <sourceName>ysisal</sourceName>
        <destinationName>ysisal</destinationName>
        <dataType>double</dataType>
        <!-- sourceAttributes>
            <att name="_FillValue" type="double">-9999.9</att>
            <att name="coordinates">time latitude longitude z</att>
        </sourceAttributes -->
        <addAttributes>
            <att name="coordinates">null</att>
            <att name="ioos_category">Unknown</att>
            <att name="long_name">Ysisal</att>
        </addAttributes>
    </dataVariable>
    <dataVariable>
        <sourceName>ysispcond</sourceName>
        <destinationName>ysispcond</destinationName>
        <dataType>double</dataType>
        <!-- sourceAttributes>
            <att name="_FillValue" type="double">-9999.9</att>
            <att name="coordinates">time latitude longitude z</att>
        </sourceAttributes -->
        <addAttributes>
            <att name="coordinates">null</att>
            <att name="ioos_category">Unknown</att>
            <att name="long_name">Ysispcond</att>
        </addAttributes>
    </dataVariable>
    <dataVariable>
        <sourceName>ysipH</sourceName>
        <destinationName>ysipH</destinationName>
        <dataType>double</dataType>
        <!-- sourceAttributes>
            <att name="_FillValue" type="double">-9999.9</att>
            <att name="coordinates">time latitude longitude z</att>
        </sourceAttributes -->
        <addAttributes>
            <att name="coordinates">null</att>
            <att name="ioos_category">Unknown</att>
            <att name="long_name">Ysip H</att>
        </addAttributes>
    </dataVariable>
    <dataVariable>
        <sourceName>ysiORP</sourceName>
        <destinationName>ysiORP</destinationName>
        <dataType>double</dataType>
        <!-- sourceAttributes>
            <att name="_FillValue" type="double">-9999.9</att>
            <att name="coordinates">time latitude longitude z</att>
        </sourceAttributes -->
        <addAttributes>
            <att name="coordinates">null</att>
            <att name="ioos_category">Unknown</att>
            <att name="long_name">Ysi ORP</att>
        </addAttributes>
    </dataVariable>
    <dataVariable>
        <sourceName>ysiDO</sourceName>
        <destinationName>ysiDO</destinationName>
        <dataType>double</dataType>
        <!-- sourceAttributes>
            <att name="_FillValue" type="double">-9999.9</att>
            <att name="coordinates">time latitude longitude z</att>
        </sourceAttributes -->
        <addAttributes>
            <att name="coordinates">null</att>
            <att name="ioos_category">Unknown</att>
            <att name="long_name">Ysi DO</att>
        </addAttributes>
    </dataVariable>
    <dataVariable>
        <sourceName>ysiDOsat</sourceName>
        <destinationName>ysiDOsat</destinationName>
        <dataType>double</dataType>
        <!-- sourceAttributes>
            <att name="_FillValue" type="double">-9999.9</att>
            <att name="coordinates">time latitude longitude z</att>
        </sourceAttributes -->
        <addAttributes>
            <att name="coordinates">null</att>
            <att name="ioos_category">Unknown</att>
            <att name="long_name">Ysi DOsat</att>
        </addAttributes>
    </dataVariable>
    <dataVariable>
        <sourceName>ysifDOM</sourceName>
        <destinationName>ysifDOM</destinationName>
        <dataType>double</dataType>
        <!-- sourceAttributes>
            <att name="_FillValue" type="double">-9999.9</att>
            <att name="coordinates">time latitude longitude z</att>
        </sourceAttributes -->
        <addAttributes>
            <att name="coordinates">null</att>
            <att name="ioos_category">Unknown</att>
            <att name="long_name">Ysif DOM</att>
        </addAttributes>
    </dataVariable>
    <dataVariable>
        <sourceName>hullwatT</sourceName>
        <destinationName>hullwatT</destinationName>
        <dataType>double</dataType>
        <!-- sourceAttributes>
            <att name="_FillValue" type="double">-9999.9</att>
            <att name="coordinates">time latitude longitude z</att>
        </sourceAttributes -->
        <addAttributes>
            <att name="coordinates">null</att>
            <att name="ioos_category">Unknown</att>
            <att name="long_name">Hullwat T</att>
        </addAttributes>
    </dataVariable>
    <dataVariable>
        <sourceName>tempK</sourceName>
        <destinationName>tempK</destinationName>
        <dataType>double</dataType>
        <!-- sourceAttributes>
            <att name="_FillValue" type="double">-9999.9</att>
            <att name="coordinates">time latitude longitude z</att>
        </sourceAttributes -->
        <addAttributes>
            <att name="coordinates">null</att>
            <att name="ioos_category">Unknown</att>
            <att name="long_name">Temp K</att>
        </addAttributes>
    </dataVariable>
    <dataVariable>
        <sourceName>OstCoeff</sourceName>
        <destinationName>OstCoeff</destinationName>
        <dataType>double</dataType>
        <!-- sourceAttributes>
            <att name="_FillValue" type="double">-9999.9</att>
            <att name="coordinates">time latitude longitude z</att>
        </sourceAttributes -->
        <addAttributes>
            <att name="coordinates">null</att>
            <att name="ioos_category">Unknown</att>
            <att name="long_name">Ost Coeff</att>
        </addAttributes>
    </dataVariable>
    <dataVariable>
        <sourceName>EQCH4atm</sourceName>
        <destinationName>EQCH4atm</destinationName>
        <dataType>double</dataType>
        <!-- sourceAttributes>
            <att name="_FillValue" type="double">-9999.9</att>
            <att name="coordinates">time latitude longitude z</att>
        </sourceAttributes -->
        <addAttributes>
            <att name="colorBarMaximum" type="double">150.0</att>
            <att name="colorBarMinimum" type="double">0.0</att>
            <att name="coordinates">null</att>
            <att name="ioos_category">Quality</att>
            <att name="long_name">EQCH4atm</att>
        </addAttributes>
    </dataVariable>
    <dataVariable>
        <sourceName>SatAnom</sourceName>
        <destinationName>SatAnom</destinationName>
        <dataType>double</dataType>
        <!-- sourceAttributes>
            <att name="_FillValue" type="double">-9999.9</att>
            <att name="coordinates">time latitude longitude z</att>
        </sourceAttributes -->
        <addAttributes>
            <att name="colorBarMaximum" type="double">10.0</att>
            <att name="colorBarMinimum" type="double">-10.0</att>
            <att name="coordinates">null</att>
            <att name="ioos_category">Unknown</att>
            <att name="long_name">Sat Anom</att>
        </addAttributes>
    </dataVariable>
    <dataVariable>
        <sourceName>SchmidtNo</sourceName>
        <destinationName>SchmidtNo</destinationName>
        <dataType>double</dataType>
        <!-- sourceAttributes>
            <att name="_FillValue" type="double">-9999.9</att>
            <att name="coordinates">time latitude longitude z</att>
        </sourceAttributes -->
        <addAttributes>
            <att name="coordinates">null</att>
            <att name="ioos_category">Unknown</att>
            <att name="long_name">Schmidt No</att>
        </addAttributes>
    </dataVariable>
    <dataVariable>
        <sourceName>GasVelmovd</sourceName>
        <destinationName>GasVelmovd</destinationName>
        <dataType>double</dataType>
        <!-- sourceAttributes>
            <att name="_FillValue" type="double">-9999.9</att>
            <att name="coordinates">time latitude longitude z</att>
        </sourceAttributes -->
        <addAttributes>
            <att name="coordinates">null</att>
            <att name="ioos_category">Currents</att>
            <att name="long_name">Gas Velmovd</att>
        </addAttributes>
    </dataVariable>
    <dataVariable>
        <sourceName>CH4airmolovm3H2O</sourceName>
        <destinationName>CH4airmolovm3H2O</destinationName>
        <dataType>double</dataType>
        <!-- sourceAttributes>
            <att name="_FillValue" type="double">-9999.9</att>
            <att name="coordinates">time latitude longitude z</att>
        </sourceAttributes -->
        <addAttributes>
            <att name="coordinates">null</att>
            <att name="ioos_category">Unknown</att>
            <att name="long_name">CH4airmolovm3 H2 O</att>
        </addAttributes>
    </dataVariable>
    <dataVariable>
        <sourceName>CH4airEquilnM</sourceName>
        <destinationName>CH4airEquilnM</destinationName>
        <dataType>double</dataType>
        <!-- sourceAttributes>
            <att name="_FillValue" type="double">-9999.9</att>
            <att name="coordinates">time latitude longitude z</att>
        </sourceAttributes -->
        <addAttributes>
            <att name="coordinates">null</att>
            <att name="ioos_category">Unknown</att>
            <att name="long_name">CH4air Equiln M</att>
        </addAttributes>
    </dataVariable>
    <dataVariable>
        <sourceName>CH4H20EquilLCH4ovLH2O1</sourceName>
        <destinationName>CH4H20EquilLCH4ovLH2O1</destinationName>
        <dataType>double</dataType>
        <!-- sourceAttributes>
            <att name="_FillValue" type="double">-9999.9</att>
            <att name="coordinates">time latitude longitude z</att>
        </sourceAttributes -->
        <addAttributes>
            <att name="coordinates">null</att>
            <att name="ioos_category">Unknown</att>
            <att name="long_name">CH4 H20 Equil LCH4ov LH2 O1</att>
        </addAttributes>
    </dataVariable>
    <dataVariable>
        <sourceName>CH4H2Omolovm3H2O</sourceName>
        <destinationName>CH4H2Omolovm3H2O</destinationName>
        <dataType>double</dataType>
        <!-- sourceAttributes>
            <att name="_FillValue" type="double">-9999.9</att>
            <att name="coordinates">time latitude longitude z</att>
        </sourceAttributes -->
        <addAttributes>
            <att name="coordinates">null</att>
            <att name="ioos_category">Unknown</att>
            <att name="long_name">CH4 H2 Omolovm3 H2 O</att>
        </addAttributes>
    </dataVariable>
    <dataVariable>
        <sourceName>Fluxmolovm2day</sourceName>
        <destinationName>Fluxmolovm2day</destinationName>
        <dataType>double</dataType>
        <!-- sourceAttributes>
            <att name="_FillValue" type="double">-9999.9</att>
            <att name="coordinates">time latitude longitude z</att>
        </sourceAttributes -->
        <addAttributes>
            <att name="coordinates">null</att>
            <att name="ioos_category">Unknown</att>
            <att name="long_name">Fluxmolovm2day</att>
        </addAttributes>
    </dataVariable>
    <dataVariable>
        <sourceName>Fluxumolovm2day</sourceName>
        <destinationName>Fluxumolovm2day</destinationName>
        <dataType>double</dataType>
        <!-- sourceAttributes>
            <att name="_FillValue" type="double">-9999.9</att>
            <att name="coordinates">time latitude longitude z</att>
        </sourceAttributes -->
        <addAttributes>
            <att name="coordinates">null</att>
            <att name="ioos_category">Unknown</att>
            <att name="long_name">Fluxumolovm2day</att>
        </addAttributes>
    </dataVariable>
    <dataVariable>
        <sourceName>Fluxmgovm2day</sourceName>
        <destinationName>Fluxmgovm2day</destinationName>
        <dataType>double</dataType>
        <!-- sourceAttributes>
            <att name="_FillValue" type="double">-9999.9</att>
            <att name="coordinates">time latitude longitude z</att>
        </sourceAttributes -->
        <addAttributes>
            <att name="coordinates">null</att>
            <att name="ioos_category">Unknown</att>
            <att name="long_name">Fluxmgovm2day</att>
        </addAttributes>
    </dataVariable>
    <dataVariable>
        <sourceName>Fluxmolovkm2yr</sourceName>
        <destinationName>Fluxmolovkm2yr</destinationName>
        <dataType>double</dataType>
        <!-- sourceAttributes>
            <att name="_FillValue" type="double">-9999.9</att>
            <att name="coordinates">time latitude longitude z</att>
        </sourceAttributes -->
        <addAttributes>
            <att name="coordinates">null</att>
            <att name="ioos_category">Unknown</att>
            <att name="long_name">Fluxmolovkm2yr</att>
        </addAttributes>
    </dataVariable>
    <dataVariable>
        <sourceName>WaterConcnM</sourceName>
        <destinationName>WaterConcnM</destinationName>
        <dataType>double</dataType>
        <!-- sourceAttributes>
            <att name="_FillValue" type="double">-9999.9</att>
            <att name="coordinates">time latitude longitude z</att>
        </sourceAttributes -->
        <addAttributes>
            <att name="coordinates">null</att>
            <att name="ioos_category">Unknown</att>
            <att name="long_name">Water Concn M</att>
        </addAttributes>
    </dataVariable>
    <dataVariable>
        <sourceName>_co2wat</sourceName>
        <destinationName>a_co2wat</destinationName>
        <dataType>double</dataType>
        <!-- sourceAttributes>
            <att name="_FillValue" type="double">-9999.9</att>
            <att name="coordinates">time latitude longitude z</att>
        </sourceAttributes -->
        <addAttributes>
            <att name="coordinates">null</att>
            <att name="ioos_category">CO2</att>
            <att name="long_name"> Co2wat</att>
        </addAttributes>
    </dataVariable>
    <dataVariable>
        <sourceName>CO2corr_1000000</sourceName>
        <destinationName>CO2corr_1000000</destinationName>
        <dataType>double</dataType>
        <!-- sourceAttributes>
            <att name="_FillValue" type="double">-9999.9</att>
            <att name="coordinates">time latitude longitude z</att>
        </sourceAttributes -->
        <addAttributes>
            <att name="coordinates">null</att>
            <att name="ioos_category">CO2</att>
            <att name="long_name">CO2corr 1000000</att>
        </addAttributes>
    </dataVariable>
    <dataVariable>
        <sourceName>lnKo</sourceName>
        <destinationName>lnKo</destinationName>
        <dataType>double</dataType>
        <!-- sourceAttributes>
            <att name="_FillValue" type="double">-9999.9</att>
            <att name="coordinates">time latitude longitude z</att>
        </sourceAttributes -->
        <addAttributes>
            <att name="coordinates">null</att>
            <att name="ioos_category">Unknown</att>
            <att name="long_name">Ln Ko</att>
        </addAttributes>
    </dataVariable>
    <dataVariable>
        <sourceName>Ko</sourceName>
        <destinationName>Ko</destinationName>
        <dataType>double</dataType>
        <!-- sourceAttributes>
            <att name="_FillValue" type="double">-9999.9</att>
            <att name="coordinates">time latitude longitude z</att>
        </sourceAttributes -->
        <addAttributes>
            <att name="coordinates">null</att>
            <att name="ioos_category">Unknown</att>
            <att name="long_name">Ko</att>
        </addAttributes>
    </dataVariable>
    <dataVariable>
        <sourceName>gastransCO2</sourceName>
        <destinationName>gastransCO2</destinationName>
        <dataType>double</dataType>
        <!-- sourceAttributes>
            <att name="_FillValue" type="double">-9999.9</att>
            <att name="coordinates">time latitude longitude z</att>
        </sourceAttributes -->
        <addAttributes>
            <att name="coordinates">null</att>
            <att name="ioos_category">CO2</att>
            <att name="long_name">Gastrans CO2</att>
        </addAttributes>
    </dataVariable>
    <dataVariable>
        <sourceName>CO2fluxmmolovm2d1</sourceName>
        <destinationName>CO2fluxmmolovm2d1</destinationName>
        <dataType>double</dataType>
        <!-- sourceAttributes>
            <att name="_FillValue" type="double">-9999.9</att>
            <att name="coordinates">time latitude longitude z</att>
        </sourceAttributes -->
        <addAttributes>
            <att name="coordinates">null</att>
            <att name="ioos_category">CO2</att>
            <att name="long_name">CO2fluxmmolovm2d1</att>
        </addAttributes>
    </dataVariable>
    <dataVariable>
        <sourceName>CO2fluxmmolovm2d1400</sourceName>
        <destinationName>CO2fluxmmolovm2d1400</destinationName>
        <dataType>double</dataType>
        <!-- sourceAttributes>
            <att name="_FillValue" type="double">-9999.9</att>
            <att name="coordinates">time latitude longitude z</att>
        </sourceAttributes -->
        <addAttributes>
            <att name="coordinates">null</att>
            <att name="ioos_category">CO2</att>
            <att name="long_name">CO2fluxmmolovm2d1400</att>
        </addAttributes>
    </dataVariable>
    <dataVariable>
        <sourceName>Unnamed__68</sourceName>
        <destinationName>Unnamed_68</destinationName>
        <dataType>double</dataType>
        <!-- sourceAttributes>
            <att name="_FillValue" type="double">-9999.9</att>
            <att name="coordinates">time latitude longitude z</att>
        </sourceAttributes -->
        <addAttributes>
            <att name="coordinates">null</att>
            <att name="ioos_category">Unknown</att>
            <att name="long_name">Unnamed  68</att>
        </addAttributes>
    </dataVariable>
    <dataVariable>
        <sourceName>Unnamed__69</sourceName>
        <destinationName>Unnamed_69</destinationName>
        <dataType>String</dataType>
        <!-- sourceAttributes>
            <att name="coordinates">time latitude longitude z</att>
        </sourceAttributes -->
        <addAttributes>
            <att name="coordinates">null</att>
            <att name="ioos_category">Unknown</att>
            <att name="long_name">Unnamed  69</att>
        </addAttributes>
    </dataVariable>
</dataset>


